Godot Engine v4.6.stable.official.89cea1439 - https://godotengine.org
TextServer: Added interface "Dummy"
TextServer: Added interface "ICU / HarfBuzz / Graphite (Built-in)"
Unrecognized output string "misc2" in mapping:
030000007e0500006920000001010000,Nintendo Switch 2 Pro Controller,a:b0,b:b1,back:b14,dpdown:b8,dpleft:b10,dpright:b9,dpup:b11,guide:b16,leftshoulder:b12,leftstick:b15,lefttrigger:b13,leftx:a0,lefty:a1~,misc1:b17,misc2:b20,paddle1:b18,paddle2:b19,rightshoulder:b4,rightstick:b7,righttrigger:b5,rightx:a2,righty:a3~,start:b6,x:b2,y:b3,platform:Mac OS X,
SDL: Init OK!
Using "default" pen tablet driver...

TextServer: Primary interface set to: "ICU / HarfBuzz / Graphite (Built-in)".
CORE API HASH: 0
EDITOR API HASH: 0
SceneTreeFTI: traversal method DEFAULT
ERROR: Condition "ret != noErr" is true. Returning: ""
   at: get_system_ca_certificates (platform/macos/os_macos.mm:1014)
Loaded builtin CA certificates
Loading resource: res://scenes/Main.tscn
Loading resource: res://scripts/ui/SeamlessCamera.gdc
Loading resource: res://scripts/builders/TrackBuilder.gdc
Loading resource: res://scripts/sim/VehicleSim.gdc
Loading resource: res://scripts/sim/PassengerSim.gdc
Loading resource: res://scripts/sim/Economy.gdc
Loading resource: res://scripts/sim/HistoricalEvents.gdc
Loading resource: res://scripts/viewers/StreetLevelViewer.gdc
Loading resource: res://scripts/ui/OverlayLayer.gdc
Loading resource: res://scripts/geo/GISImporter.gdc
Loading resource: res://.godot/exported/133200997/export-9614e214dd97d7f47b37d84d6dade08c-ma_bounds.res
Loading resource: res://.godot/exported/133200997/export-74b5c9848938f4eb9ebaf6fab3809318-HUD.scn
Loading resource: res://scripts/ui/HUD.gdc
Loading resource: res://shaders/ParchmentBackdrop.gdshader
Loading resource: res://scripts/ui/FinanceRow.gdc
Loading resource: res://scripts/sim/town/TownGrowthManager.gdc
Loading resource: res://scripts/ui/StopPlacer.gdc
Loading resource: res://.godot/exported/133200997/export-47873d44f647e43c06f412a522ebc46c-default_building_db.res
Loading resource: res://.godot/exported/133200997/export-b2d46d13a61a5b85ddf924c7a5d9250c-StopMarker.scn
Loading resource: res://scripts/sim/town/StopMarker.gdc
Loading resource: res://shaders/GroundGrid.gdshader
Loading resource: res://scripts/sim/transit/CorridorSeed.gdc
ERROR: res://scenes/Main.tscn:28 - Parse Error: Unexpected identifier 'Sky'.
   at: _printerr (scene/resources/resource_format_text.cpp:40)
Failed loading resource: res://scenes/Main.tscn
ERROR: Failed loading resource: res://scenes/Main.tscn.
   at: _load (core/io/resource_loader.cpp:343)
ERROR: Failed loading scene: res://scenes/Main.tscn.
   at: start (main/main.cpp:4635)
XR: Clearing primary interface
XR: Removed interface "Native mobile"
XR: Removed interface "OpenXR"
